<?xml version="1.0" encoding="UTF-8"?>
<!-- Generated by org.testng.reporters.JUnitReportReporter -->
<testsuite skipped="0" hostname="SGADALLAH2" name="Local_Project.Automation_Epic_Part_3.Test_Case_2" tests="1" failures="0" timestamp="07 Feb 2020 13:43:44 GMT" time="26.988" errors="0">
  <testcase name="test_1" time="26.988" classname="Local_Project.Automation_Epic_Part_3.Test_Case_2"/>
</testsuite> <!-- Local_Project.Automation_Epic_Part_3.Test_Case_2 -->
