<?xml version="1.0" encoding="UTF-8"?>
<!-- Generated by org.testng.reporters.JUnitReportReporter -->
<testsuite skipped="0" hostname="SGADALLAH2" name="Local_Project.Automation_Epic_Part_3.Test_Case_1" tests="1" failures="0" timestamp="07 Feb 2020 13:43:44 GMT" time="21.904" errors="0">
  <testcase name="test_1" time="21.904" classname="Local_Project.Automation_Epic_Part_3.Test_Case_1"/>
</testsuite> <!-- Local_Project.Automation_Epic_Part_3.Test_Case_1 -->
